Build started 4/10/2017 12:47:38 PM.
     1>Project "D:\OneDrive\Classes\Third Semester\Special Topics\Genetic Algorithm 01KnapSack Problem\Genetic Algorithm 01KnapSack Problem\Genetic Algorithm 01KnapSack Problem.vcxproj" on node 2 (build target(s)).
     1>InitializeBuildStatus:
         Creating "Release\Genetic Algorithm 01KnapSack Problem.unsuccessfulbuild" because "AlwaysCreate" was specified.
       ClCompile:
         C:\Program Files (x86)\Microsoft Visual Studio 10.0\VC\bin\CL.exe /c /Zi /nologo /W3 /WX- /O2 /Oi /Oy- /GL /D WIN32 /D NDEBUG /D _CONSOLE /D _UNICODE /D UNICODE /Gm- /EHsc /MD /GS /Gy /fp:precise /Zc:wchar_t /Zc:forScope /Fo"Release\\" /Fd"Release\vc100.pdb" /Gd /TP /analyze- /errorReport:prompt Main.cpp
         Main.cpp
     1>d:\onedrive\classes\third semester\special topics\genetic algorithm 01knapsack problem\genetic algorithm 01knapsack problem\KnapsackData1.h(52): warning C4018: '<' : signed/unsigned mismatch
     1>d:\onedrive\classes\third semester\special topics\genetic algorithm 01knapsack problem\genetic algorithm 01knapsack problem\KnapsackData1.h(55): warning C4244: '=' : conversion from 'double' to 'int', possible loss of data
     1>d:\onedrive\classes\third semester\special topics\genetic algorithm 01knapsack problem\genetic algorithm 01knapsack problem\KnapsackData1.h(77): warning C4018: '<' : signed/unsigned mismatch
     1>d:\onedrive\classes\third semester\special topics\genetic algorithm 01knapsack problem\genetic algorithm 01knapsack problem\KnapsackData1.h(83): warning C4018: '<' : signed/unsigned mismatch
     1>d:\onedrive\classes\third semester\special topics\genetic algorithm 01knapsack problem\genetic algorithm 01knapsack problem\KnapsackData1.h(106): warning C4018: '<' : signed/unsigned mismatch
     1>d:\onedrive\classes\third semester\special topics\genetic algorithm 01knapsack problem\genetic algorithm 01knapsack problem\KnapsackData1.h(123): warning C4018: '<' : signed/unsigned mismatch
     1>d:\onedrive\classes\third semester\special topics\genetic algorithm 01knapsack problem\genetic algorithm 01knapsack problem\KnapsackData1.h(144): warning C4018: '<' : signed/unsigned mismatch
     1>d:\onedrive\classes\third semester\special topics\genetic algorithm 01knapsack problem\genetic algorithm 01knapsack problem\KnapsackData1.h(159): warning C4018: '<=' : signed/unsigned mismatch
     1>d:\onedrive\classes\third semester\special topics\genetic algorithm 01knapsack problem\genetic algorithm 01knapsack problem\KnapsackData1.h(184): warning C4018: '<' : signed/unsigned mismatch
     1>d:\onedrive\classes\third semester\special topics\genetic algorithm 01knapsack problem\genetic algorithm 01knapsack problem\KnapsackData1.h(195): warning C4018: '<' : signed/unsigned mismatch
     1>d:\onedrive\classes\third semester\special topics\genetic algorithm 01knapsack problem\genetic algorithm 01knapsack problem\KnapsackData1.h(200): warning C4018: '<' : signed/unsigned mismatch
     1>d:\onedrive\classes\third semester\special topics\genetic algorithm 01knapsack problem\genetic algorithm 01knapsack problem\KnapsackData1.h(205): warning C4018: '<' : signed/unsigned mismatch
     1>d:\onedrive\classes\third semester\special topics\genetic algorithm 01knapsack problem\genetic algorithm 01knapsack problem\KnapsackData1.h(216): warning C4018: '<' : signed/unsigned mismatch
     1>d:\onedrive\classes\third semester\special topics\genetic algorithm 01knapsack problem\genetic algorithm 01knapsack problem\KnapsackData1.h(242): warning C4018: '<' : signed/unsigned mismatch
     1>d:\onedrive\classes\third semester\special topics\genetic algorithm 01knapsack problem\genetic algorithm 01knapsack problem\KnapsackData1.h(256): warning C4244: 'argument' : conversion from 'time_t' to 'unsigned int', possible loss of data
     1>d:\onedrive\classes\third semester\special topics\genetic algorithm 01knapsack problem\genetic algorithm 01knapsack problem\KnapsackData1.h(261): warning C4018: '<' : signed/unsigned mismatch
     1>d:\onedrive\classes\third semester\special topics\genetic algorithm 01knapsack problem\genetic algorithm 01knapsack problem\KnapsackData1.h(262): warning C4800: 'int' : forcing value to bool 'true' or 'false' (performance warning)
     1>d:\onedrive\classes\third semester\special topics\genetic algorithm 01knapsack problem\genetic algorithm 01knapsack problem\KnapsackData1.h(273): warning C4018: '<' : signed/unsigned mismatch
     1>d:\onedrive\classes\third semester\special topics\genetic algorithm 01knapsack problem\genetic algorithm 01knapsack problem\KnapsackData1.h(316): warning C4244: 'argument' : conversion from 'double' to 'const int', possible loss of data
     1>d:\onedrive\classes\third semester\special topics\genetic algorithm 01knapsack problem\genetic algorithm 01knapsack problem\KnapsackData1.h(317): warning C4244: 'argument' : conversion from 'double' to 'const int', possible loss of data
     1>d:\onedrive\classes\third semester\special topics\genetic algorithm 01knapsack problem\genetic algorithm 01knapsack problem\KnapsackData1.h(318): warning C4244: 'argument' : conversion from 'double' to 'const int', possible loss of data
     1>d:\onedrive\classes\third semester\special topics\genetic algorithm 01knapsack problem\genetic algorithm 01knapsack problem\KnapsackData1.h(305): warning C4101: 'token' : unreferenced local variable
       Link:
         C:\Program Files (x86)\Microsoft Visual Studio 10.0\VC\bin\link.exe /ERRORREPORT:PROMPT /OUT:"D:\OneDrive\Classes\Third Semester\Special Topics\Genetic Algorithm 01KnapSack Problem\Release\Genetic Algorithm 01KnapSack Problem.exe" /INCREMENTAL:NO /NOLOGO kernel32.lib user32.lib gdi32.lib winspool.lib comdlg32.lib advapi32.lib shell32.lib ole32.lib oleaut32.lib uuid.lib odbc32.lib odbccp32.lib /MANIFEST /ManifestFile:"Release\Genetic Algorithm 01KnapSack Problem.exe.intermediate.manifest" /MANIFESTUAC:"level='asInvoker' uiAccess='false'" /DEBUG /PDB:"D:\OneDrive\Classes\Third Semester\Special Topics\Genetic Algorithm 01KnapSack Problem\Release\Genetic Algorithm 01KnapSack Problem.pdb" /SUBSYSTEM:CONSOLE /OPT:REF /OPT:ICF /LTCG /TLBID:1 /DYNAMICBASE /NXCOMPAT /IMPLIB:"D:\OneDrive\Classes\Third Semester\Special Topics\Genetic Algorithm 01KnapSack Problem\Release\Genetic Algorithm 01KnapSack Problem.lib" /MACHINE:X86 Release\Main.obj
         Generating code
         Finished generating code
         Genetic Algorithm 01KnapSack Problem.vcxproj -> D:\OneDrive\Classes\Third Semester\Special Topics\Genetic Algorithm 01KnapSack Problem\Release\Genetic Algorithm 01KnapSack Problem.exe
       Manifest:
         C:\Program Files (x86)\Microsoft SDKs\Windows\v7.0A\bin\mt.exe /nologo /verbose /outputresource:"D:\OneDrive\Classes\Third Semester\Special Topics\Genetic Algorithm 01KnapSack Problem\Release\Genetic Algorithm 01KnapSack Problem.exe;#1" /manifest "Release\Genetic Algorithm 01KnapSack Problem.exe.intermediate.manifest"
       FinalizeBuildStatus:
         Deleting file "Release\Genetic Algorithm 01KnapSack Problem.unsuccessfulbuild".
         Touching "Release\Genetic Algorithm 01KnapSack Problem.lastbuildstate".
     1>Done Building Project "D:\OneDrive\Classes\Third Semester\Special Topics\Genetic Algorithm 01KnapSack Problem\Genetic Algorithm 01KnapSack Problem\Genetic Algorithm 01KnapSack Problem.vcxproj" (build target(s)).

Build succeeded.

Time Elapsed 00:00:01.51
