D:\ONEDRIVE\CLASSES\THIRD SEMESTER\SPECIAL TOPICS\GENETIC ALGORITHM 01KNAPSACK PROBLEM\DEBUG\GENETIC ALGORITHM 01KNAPSACK PROBLEM.EXE
D:\ONEDRIVE\CLASSES\THIRD SEMESTER\SPECIAL TOPICS\GENETIC ALGORITHM 01KNAPSACK PROBLEM\DEBUG\GENETIC ALGORITHM 01KNAPSACK PROBLEM.ILK
D:\ONEDRIVE\CLASSES\THIRD SEMESTER\SPECIAL TOPICS\GENETIC ALGORITHM 01KNAPSACK PROBLEM\DEBUG\GENETIC ALGORITHM 01KNAPSACK PROBLEM.PDB
D:\OneDrive\Classes\Third Semester\Special Topics\Genetic Algorithm 01KnapSack Problem\Genetic Algorithm 01KnapSack Problem\Debug\cl.command.1.tlog
D:\OneDrive\Classes\Third Semester\Special Topics\Genetic Algorithm 01KnapSack Problem\Genetic Algorithm 01KnapSack Problem\Debug\CL.read.1.tlog
D:\OneDrive\Classes\Third Semester\Special Topics\Genetic Algorithm 01KnapSack Problem\Genetic Algorithm 01KnapSack Problem\Debug\CL.write.1.tlog
D:\ONEDRIVE\CLASSES\THIRD SEMESTER\SPECIAL TOPICS\GENETIC ALGORITHM 01KNAPSACK PROBLEM\GENETIC ALGORITHM 01KNAPSACK PROBLEM\DEBUG\GENETIC ALGORITHM 01KNAPSACK PROBLEM.EXE.EMBED.MANIFEST
D:\ONEDRIVE\CLASSES\THIRD SEMESTER\SPECIAL TOPICS\GENETIC ALGORITHM 01KNAPSACK PROBLEM\GENETIC ALGORITHM 01KNAPSACK PROBLEM\DEBUG\GENETIC ALGORITHM 01KNAPSACK PROBLEM.EXE.EMBED.MANIFEST.RES
D:\ONEDRIVE\CLASSES\THIRD SEMESTER\SPECIAL TOPICS\GENETIC ALGORITHM 01KNAPSACK PROBLEM\GENETIC ALGORITHM 01KNAPSACK PROBLEM\DEBUG\GENETIC ALGORITHM 01KNAPSACK PROBLEM.EXE.INTERMEDIATE.MANIFEST
D:\OneDrive\Classes\Third Semester\Special Topics\Genetic Algorithm 01KnapSack Problem\Genetic Algorithm 01KnapSack Problem\Debug\Genetic Algorithm 01KnapSack Problem.vcxprojResolveAssemblyReference.cache
D:\OneDrive\Classes\Third Semester\Special Topics\Genetic Algorithm 01KnapSack Problem\Genetic Algorithm 01KnapSack Problem\Debug\Genetic Algorithm 01KnapSack Problem.write.1.tlog
D:\OneDrive\Classes\Third Semester\Special Topics\Genetic Algorithm 01KnapSack Problem\Genetic Algorithm 01KnapSack Problem\Debug\Genetic Algorithm 01KnapSack Problem_manifest.rc
D:\OneDrive\Classes\Third Semester\Special Topics\Genetic Algorithm 01KnapSack Problem\Genetic Algorithm 01KnapSack Problem\Debug\link.546320.read.1.tlog
D:\OneDrive\Classes\Third Semester\Special Topics\Genetic Algorithm 01KnapSack Problem\Genetic Algorithm 01KnapSack Problem\Debug\link.546320.write.1.tlog
D:\OneDrive\Classes\Third Semester\Special Topics\Genetic Algorithm 01KnapSack Problem\Genetic Algorithm 01KnapSack Problem\Debug\link.546320-cvtres.read.1.tlog
D:\OneDrive\Classes\Third Semester\Special Topics\Genetic Algorithm 01KnapSack Problem\Genetic Algorithm 01KnapSack Problem\Debug\link.546320-cvtres.write.1.tlog
D:\OneDrive\Classes\Third Semester\Special Topics\Genetic Algorithm 01KnapSack Problem\Genetic Algorithm 01KnapSack Problem\Debug\link.547340.read.1.tlog
D:\OneDrive\Classes\Third Semester\Special Topics\Genetic Algorithm 01KnapSack Problem\Genetic Algorithm 01KnapSack Problem\Debug\link.547340.write.1.tlog
D:\OneDrive\Classes\Third Semester\Special Topics\Genetic Algorithm 01KnapSack Problem\Genetic Algorithm 01KnapSack Problem\Debug\link.547340-cvtres.read.1.tlog
D:\OneDrive\Classes\Third Semester\Special Topics\Genetic Algorithm 01KnapSack Problem\Genetic Algorithm 01KnapSack Problem\Debug\link.547340-cvtres.write.1.tlog
D:\OneDrive\Classes\Third Semester\Special Topics\Genetic Algorithm 01KnapSack Problem\Genetic Algorithm 01KnapSack Problem\Debug\link.550864.read.1.tlog
D:\OneDrive\Classes\Third Semester\Special Topics\Genetic Algorithm 01KnapSack Problem\Genetic Algorithm 01KnapSack Problem\Debug\link.550864.write.1.tlog
D:\OneDrive\Classes\Third Semester\Special Topics\Genetic Algorithm 01KnapSack Problem\Genetic Algorithm 01KnapSack Problem\Debug\link.550864-cvtres.read.1.tlog
D:\OneDrive\Classes\Third Semester\Special Topics\Genetic Algorithm 01KnapSack Problem\Genetic Algorithm 01KnapSack Problem\Debug\link.550864-cvtres.write.1.tlog
D:\OneDrive\Classes\Third Semester\Special Topics\Genetic Algorithm 01KnapSack Problem\Genetic Algorithm 01KnapSack Problem\Debug\link.550928.read.1.tlog
D:\OneDrive\Classes\Third Semester\Special Topics\Genetic Algorithm 01KnapSack Problem\Genetic Algorithm 01KnapSack Problem\Debug\link.550928.write.1.tlog
D:\OneDrive\Classes\Third Semester\Special Topics\Genetic Algorithm 01KnapSack Problem\Genetic Algorithm 01KnapSack Problem\Debug\link.550928-cvtres.read.1.tlog
D:\OneDrive\Classes\Third Semester\Special Topics\Genetic Algorithm 01KnapSack Problem\Genetic Algorithm 01KnapSack Problem\Debug\link.550928-cvtres.write.1.tlog
D:\OneDrive\Classes\Third Semester\Special Topics\Genetic Algorithm 01KnapSack Problem\Genetic Algorithm 01KnapSack Problem\Debug\link.551044.read.1.tlog
D:\OneDrive\Classes\Third Semester\Special Topics\Genetic Algorithm 01KnapSack Problem\Genetic Algorithm 01KnapSack Problem\Debug\link.551044.write.1.tlog
D:\OneDrive\Classes\Third Semester\Special Topics\Genetic Algorithm 01KnapSack Problem\Genetic Algorithm 01KnapSack Problem\Debug\link.551044-cvtres.read.1.tlog
D:\OneDrive\Classes\Third Semester\Special Topics\Genetic Algorithm 01KnapSack Problem\Genetic Algorithm 01KnapSack Problem\Debug\link.551044-cvtres.write.1.tlog
D:\OneDrive\Classes\Third Semester\Special Topics\Genetic Algorithm 01KnapSack Problem\Genetic Algorithm 01KnapSack Problem\Debug\link.552096.read.1.tlog
D:\OneDrive\Classes\Third Semester\Special Topics\Genetic Algorithm 01KnapSack Problem\Genetic Algorithm 01KnapSack Problem\Debug\link.552096.write.1.tlog
D:\OneDrive\Classes\Third Semester\Special Topics\Genetic Algorithm 01KnapSack Problem\Genetic Algorithm 01KnapSack Problem\Debug\link.552096-cvtres.read.1.tlog
D:\OneDrive\Classes\Third Semester\Special Topics\Genetic Algorithm 01KnapSack Problem\Genetic Algorithm 01KnapSack Problem\Debug\link.552096-cvtres.write.1.tlog
D:\OneDrive\Classes\Third Semester\Special Topics\Genetic Algorithm 01KnapSack Problem\Genetic Algorithm 01KnapSack Problem\Debug\link.553080.read.1.tlog
D:\OneDrive\Classes\Third Semester\Special Topics\Genetic Algorithm 01KnapSack Problem\Genetic Algorithm 01KnapSack Problem\Debug\link.553080.write.1.tlog
D:\OneDrive\Classes\Third Semester\Special Topics\Genetic Algorithm 01KnapSack Problem\Genetic Algorithm 01KnapSack Problem\Debug\link.553080-cvtres.read.1.tlog
D:\OneDrive\Classes\Third Semester\Special Topics\Genetic Algorithm 01KnapSack Problem\Genetic Algorithm 01KnapSack Problem\Debug\link.553080-cvtres.write.1.tlog
D:\OneDrive\Classes\Third Semester\Special Topics\Genetic Algorithm 01KnapSack Problem\Genetic Algorithm 01KnapSack Problem\Debug\link.553148.read.1.tlog
D:\OneDrive\Classes\Third Semester\Special Topics\Genetic Algorithm 01KnapSack Problem\Genetic Algorithm 01KnapSack Problem\Debug\link.553148.write.1.tlog
D:\OneDrive\Classes\Third Semester\Special Topics\Genetic Algorithm 01KnapSack Problem\Genetic Algorithm 01KnapSack Problem\Debug\link.553148-cvtres.read.1.tlog
D:\OneDrive\Classes\Third Semester\Special Topics\Genetic Algorithm 01KnapSack Problem\Genetic Algorithm 01KnapSack Problem\Debug\link.553148-cvtres.write.1.tlog
D:\OneDrive\Classes\Third Semester\Special Topics\Genetic Algorithm 01KnapSack Problem\Genetic Algorithm 01KnapSack Problem\Debug\link.554340.read.1.tlog
D:\OneDrive\Classes\Third Semester\Special Topics\Genetic Algorithm 01KnapSack Problem\Genetic Algorithm 01KnapSack Problem\Debug\link.554340.write.1.tlog
D:\OneDrive\Classes\Third Semester\Special Topics\Genetic Algorithm 01KnapSack Problem\Genetic Algorithm 01KnapSack Problem\Debug\link.554340-cvtres.read.1.tlog
D:\OneDrive\Classes\Third Semester\Special Topics\Genetic Algorithm 01KnapSack Problem\Genetic Algorithm 01KnapSack Problem\Debug\link.554340-cvtres.write.1.tlog
D:\OneDrive\Classes\Third Semester\Special Topics\Genetic Algorithm 01KnapSack Problem\Genetic Algorithm 01KnapSack Problem\Debug\link.558248.read.1.tlog
D:\OneDrive\Classes\Third Semester\Special Topics\Genetic Algorithm 01KnapSack Problem\Genetic Algorithm 01KnapSack Problem\Debug\link.558248.write.1.tlog
D:\OneDrive\Classes\Third Semester\Special Topics\Genetic Algorithm 01KnapSack Problem\Genetic Algorithm 01KnapSack Problem\Debug\link.558248-cvtres.read.1.tlog
D:\OneDrive\Classes\Third Semester\Special Topics\Genetic Algorithm 01KnapSack Problem\Genetic Algorithm 01KnapSack Problem\Debug\link.558248-cvtres.write.1.tlog
D:\OneDrive\Classes\Third Semester\Special Topics\Genetic Algorithm 01KnapSack Problem\Genetic Algorithm 01KnapSack Problem\Debug\link.559108.read.1.tlog
D:\OneDrive\Classes\Third Semester\Special Topics\Genetic Algorithm 01KnapSack Problem\Genetic Algorithm 01KnapSack Problem\Debug\link.559108.write.1.tlog
D:\OneDrive\Classes\Third Semester\Special Topics\Genetic Algorithm 01KnapSack Problem\Genetic Algorithm 01KnapSack Problem\Debug\link.559108-cvtres.read.1.tlog
D:\OneDrive\Classes\Third Semester\Special Topics\Genetic Algorithm 01KnapSack Problem\Genetic Algorithm 01KnapSack Problem\Debug\link.559108-cvtres.write.1.tlog
D:\OneDrive\Classes\Third Semester\Special Topics\Genetic Algorithm 01KnapSack Problem\Genetic Algorithm 01KnapSack Problem\Debug\link.559552.read.1.tlog
D:\OneDrive\Classes\Third Semester\Special Topics\Genetic Algorithm 01KnapSack Problem\Genetic Algorithm 01KnapSack Problem\Debug\link.559552.write.1.tlog
D:\OneDrive\Classes\Third Semester\Special Topics\Genetic Algorithm 01KnapSack Problem\Genetic Algorithm 01KnapSack Problem\Debug\link.559552-cvtres.read.1.tlog
D:\OneDrive\Classes\Third Semester\Special Topics\Genetic Algorithm 01KnapSack Problem\Genetic Algorithm 01KnapSack Problem\Debug\link.559552-cvtres.write.1.tlog
D:\OneDrive\Classes\Third Semester\Special Topics\Genetic Algorithm 01KnapSack Problem\Genetic Algorithm 01KnapSack Problem\Debug\link.559928.read.1.tlog
D:\OneDrive\Classes\Third Semester\Special Topics\Genetic Algorithm 01KnapSack Problem\Genetic Algorithm 01KnapSack Problem\Debug\link.559928.write.1.tlog
D:\OneDrive\Classes\Third Semester\Special Topics\Genetic Algorithm 01KnapSack Problem\Genetic Algorithm 01KnapSack Problem\Debug\link.559928-cvtres.read.1.tlog
D:\OneDrive\Classes\Third Semester\Special Topics\Genetic Algorithm 01KnapSack Problem\Genetic Algorithm 01KnapSack Problem\Debug\link.559928-cvtres.write.1.tlog
D:\OneDrive\Classes\Third Semester\Special Topics\Genetic Algorithm 01KnapSack Problem\Genetic Algorithm 01KnapSack Problem\Debug\link.562148.read.1.tlog
D:\OneDrive\Classes\Third Semester\Special Topics\Genetic Algorithm 01KnapSack Problem\Genetic Algorithm 01KnapSack Problem\Debug\link.562148.write.1.tlog
D:\OneDrive\Classes\Third Semester\Special Topics\Genetic Algorithm 01KnapSack Problem\Genetic Algorithm 01KnapSack Problem\Debug\link.562148-cvtres.read.1.tlog
D:\OneDrive\Classes\Third Semester\Special Topics\Genetic Algorithm 01KnapSack Problem\Genetic Algorithm 01KnapSack Problem\Debug\link.562148-cvtres.write.1.tlog
D:\OneDrive\Classes\Third Semester\Special Topics\Genetic Algorithm 01KnapSack Problem\Genetic Algorithm 01KnapSack Problem\Debug\link.562672.read.1.tlog
D:\OneDrive\Classes\Third Semester\Special Topics\Genetic Algorithm 01KnapSack Problem\Genetic Algorithm 01KnapSack Problem\Debug\link.562672.write.1.tlog
D:\OneDrive\Classes\Third Semester\Special Topics\Genetic Algorithm 01KnapSack Problem\Genetic Algorithm 01KnapSack Problem\Debug\link.562672-cvtres.read.1.tlog
D:\OneDrive\Classes\Third Semester\Special Topics\Genetic Algorithm 01KnapSack Problem\Genetic Algorithm 01KnapSack Problem\Debug\link.562672-cvtres.write.1.tlog
D:\OneDrive\Classes\Third Semester\Special Topics\Genetic Algorithm 01KnapSack Problem\Genetic Algorithm 01KnapSack Problem\Debug\link.562972.read.1.tlog
D:\OneDrive\Classes\Third Semester\Special Topics\Genetic Algorithm 01KnapSack Problem\Genetic Algorithm 01KnapSack Problem\Debug\link.562972.write.1.tlog
D:\OneDrive\Classes\Third Semester\Special Topics\Genetic Algorithm 01KnapSack Problem\Genetic Algorithm 01KnapSack Problem\Debug\link.562972-cvtres.read.1.tlog
D:\OneDrive\Classes\Third Semester\Special Topics\Genetic Algorithm 01KnapSack Problem\Genetic Algorithm 01KnapSack Problem\Debug\link.562972-cvtres.write.1.tlog
D:\OneDrive\Classes\Third Semester\Special Topics\Genetic Algorithm 01KnapSack Problem\Genetic Algorithm 01KnapSack Problem\Debug\link.640480.read.1.tlog
D:\OneDrive\Classes\Third Semester\Special Topics\Genetic Algorithm 01KnapSack Problem\Genetic Algorithm 01KnapSack Problem\Debug\link.640480.write.1.tlog
D:\OneDrive\Classes\Third Semester\Special Topics\Genetic Algorithm 01KnapSack Problem\Genetic Algorithm 01KnapSack Problem\Debug\link.640480-cvtres.read.1.tlog
D:\OneDrive\Classes\Third Semester\Special Topics\Genetic Algorithm 01KnapSack Problem\Genetic Algorithm 01KnapSack Problem\Debug\link.640480-cvtres.write.1.tlog
D:\OneDrive\Classes\Third Semester\Special Topics\Genetic Algorithm 01KnapSack Problem\Genetic Algorithm 01KnapSack Problem\Debug\link.641268.read.1.tlog
D:\OneDrive\Classes\Third Semester\Special Topics\Genetic Algorithm 01KnapSack Problem\Genetic Algorithm 01KnapSack Problem\Debug\link.641268.write.1.tlog
D:\OneDrive\Classes\Third Semester\Special Topics\Genetic Algorithm 01KnapSack Problem\Genetic Algorithm 01KnapSack Problem\Debug\link.641268-cvtres.read.1.tlog
D:\OneDrive\Classes\Third Semester\Special Topics\Genetic Algorithm 01KnapSack Problem\Genetic Algorithm 01KnapSack Problem\Debug\link.641268-cvtres.write.1.tlog
D:\OneDrive\Classes\Third Semester\Special Topics\Genetic Algorithm 01KnapSack Problem\Genetic Algorithm 01KnapSack Problem\Debug\link.646032.read.1.tlog
D:\OneDrive\Classes\Third Semester\Special Topics\Genetic Algorithm 01KnapSack Problem\Genetic Algorithm 01KnapSack Problem\Debug\link.646032.write.1.tlog
D:\OneDrive\Classes\Third Semester\Special Topics\Genetic Algorithm 01KnapSack Problem\Genetic Algorithm 01KnapSack Problem\Debug\link.646032-cvtres.read.1.tlog
D:\OneDrive\Classes\Third Semester\Special Topics\Genetic Algorithm 01KnapSack Problem\Genetic Algorithm 01KnapSack Problem\Debug\link.646032-cvtres.write.1.tlog
D:\OneDrive\Classes\Third Semester\Special Topics\Genetic Algorithm 01KnapSack Problem\Genetic Algorithm 01KnapSack Problem\Debug\link.647500.read.1.tlog
D:\OneDrive\Classes\Third Semester\Special Topics\Genetic Algorithm 01KnapSack Problem\Genetic Algorithm 01KnapSack Problem\Debug\link.647500.write.1.tlog
D:\OneDrive\Classes\Third Semester\Special Topics\Genetic Algorithm 01KnapSack Problem\Genetic Algorithm 01KnapSack Problem\Debug\link.647500-cvtres.read.1.tlog
D:\OneDrive\Classes\Third Semester\Special Topics\Genetic Algorithm 01KnapSack Problem\Genetic Algorithm 01KnapSack Problem\Debug\link.647500-cvtres.write.1.tlog
D:\OneDrive\Classes\Third Semester\Special Topics\Genetic Algorithm 01KnapSack Problem\Genetic Algorithm 01KnapSack Problem\Debug\link.648000.read.1.tlog
D:\OneDrive\Classes\Third Semester\Special Topics\Genetic Algorithm 01KnapSack Problem\Genetic Algorithm 01KnapSack Problem\Debug\link.648000.write.1.tlog
D:\OneDrive\Classes\Third Semester\Special Topics\Genetic Algorithm 01KnapSack Problem\Genetic Algorithm 01KnapSack Problem\Debug\link.648000-cvtres.read.1.tlog
D:\OneDrive\Classes\Third Semester\Special Topics\Genetic Algorithm 01KnapSack Problem\Genetic Algorithm 01KnapSack Problem\Debug\link.648000-cvtres.write.1.tlog
D:\OneDrive\Classes\Third Semester\Special Topics\Genetic Algorithm 01KnapSack Problem\Genetic Algorithm 01KnapSack Problem\Debug\link.648116.read.1.tlog
D:\OneDrive\Classes\Third Semester\Special Topics\Genetic Algorithm 01KnapSack Problem\Genetic Algorithm 01KnapSack Problem\Debug\link.648116.write.1.tlog
D:\OneDrive\Classes\Third Semester\Special Topics\Genetic Algorithm 01KnapSack Problem\Genetic Algorithm 01KnapSack Problem\Debug\link.648116-cvtres.read.1.tlog
D:\OneDrive\Classes\Third Semester\Special Topics\Genetic Algorithm 01KnapSack Problem\Genetic Algorithm 01KnapSack Problem\Debug\link.648116-cvtres.write.1.tlog
D:\OneDrive\Classes\Third Semester\Special Topics\Genetic Algorithm 01KnapSack Problem\Genetic Algorithm 01KnapSack Problem\Debug\link.649300.read.1.tlog
D:\OneDrive\Classes\Third Semester\Special Topics\Genetic Algorithm 01KnapSack Problem\Genetic Algorithm 01KnapSack Problem\Debug\link.649300.write.1.tlog
D:\OneDrive\Classes\Third Semester\Special Topics\Genetic Algorithm 01KnapSack Problem\Genetic Algorithm 01KnapSack Problem\Debug\link.649300-cvtres.read.1.tlog
D:\OneDrive\Classes\Third Semester\Special Topics\Genetic Algorithm 01KnapSack Problem\Genetic Algorithm 01KnapSack Problem\Debug\link.649300-cvtres.write.1.tlog
D:\OneDrive\Classes\Third Semester\Special Topics\Genetic Algorithm 01KnapSack Problem\Genetic Algorithm 01KnapSack Problem\Debug\link.650004.read.1.tlog
D:\OneDrive\Classes\Third Semester\Special Topics\Genetic Algorithm 01KnapSack Problem\Genetic Algorithm 01KnapSack Problem\Debug\link.650004.write.1.tlog
D:\OneDrive\Classes\Third Semester\Special Topics\Genetic Algorithm 01KnapSack Problem\Genetic Algorithm 01KnapSack Problem\Debug\link.650004-cvtres.read.1.tlog
D:\OneDrive\Classes\Third Semester\Special Topics\Genetic Algorithm 01KnapSack Problem\Genetic Algorithm 01KnapSack Problem\Debug\link.650004-cvtres.write.1.tlog
D:\OneDrive\Classes\Third Semester\Special Topics\Genetic Algorithm 01KnapSack Problem\Genetic Algorithm 01KnapSack Problem\Debug\link.650316.read.1.tlog
D:\OneDrive\Classes\Third Semester\Special Topics\Genetic Algorithm 01KnapSack Problem\Genetic Algorithm 01KnapSack Problem\Debug\link.650316.write.1.tlog
D:\OneDrive\Classes\Third Semester\Special Topics\Genetic Algorithm 01KnapSack Problem\Genetic Algorithm 01KnapSack Problem\Debug\link.650316-cvtres.read.1.tlog
D:\OneDrive\Classes\Third Semester\Special Topics\Genetic Algorithm 01KnapSack Problem\Genetic Algorithm 01KnapSack Problem\Debug\link.650316-cvtres.write.1.tlog
D:\OneDrive\Classes\Third Semester\Special Topics\Genetic Algorithm 01KnapSack Problem\Genetic Algorithm 01KnapSack Problem\Debug\link.650740.read.1.tlog
D:\OneDrive\Classes\Third Semester\Special Topics\Genetic Algorithm 01KnapSack Problem\Genetic Algorithm 01KnapSack Problem\Debug\link.650740.write.1.tlog
D:\OneDrive\Classes\Third Semester\Special Topics\Genetic Algorithm 01KnapSack Problem\Genetic Algorithm 01KnapSack Problem\Debug\link.650740-cvtres.read.1.tlog
D:\OneDrive\Classes\Third Semester\Special Topics\Genetic Algorithm 01KnapSack Problem\Genetic Algorithm 01KnapSack Problem\Debug\link.650740-cvtres.write.1.tlog
D:\OneDrive\Classes\Third Semester\Special Topics\Genetic Algorithm 01KnapSack Problem\Genetic Algorithm 01KnapSack Problem\Debug\link.650908.read.1.tlog
D:\OneDrive\Classes\Third Semester\Special Topics\Genetic Algorithm 01KnapSack Problem\Genetic Algorithm 01KnapSack Problem\Debug\link.650908.write.1.tlog
D:\OneDrive\Classes\Third Semester\Special Topics\Genetic Algorithm 01KnapSack Problem\Genetic Algorithm 01KnapSack Problem\Debug\link.650908-cvtres.read.1.tlog
D:\OneDrive\Classes\Third Semester\Special Topics\Genetic Algorithm 01KnapSack Problem\Genetic Algorithm 01KnapSack Problem\Debug\link.650908-cvtres.write.1.tlog
D:\OneDrive\Classes\Third Semester\Special Topics\Genetic Algorithm 01KnapSack Problem\Genetic Algorithm 01KnapSack Problem\Debug\link.654704.read.1.tlog
D:\OneDrive\Classes\Third Semester\Special Topics\Genetic Algorithm 01KnapSack Problem\Genetic Algorithm 01KnapSack Problem\Debug\link.654704.write.1.tlog
D:\OneDrive\Classes\Third Semester\Special Topics\Genetic Algorithm 01KnapSack Problem\Genetic Algorithm 01KnapSack Problem\Debug\link.654704-cvtres.read.1.tlog
D:\OneDrive\Classes\Third Semester\Special Topics\Genetic Algorithm 01KnapSack Problem\Genetic Algorithm 01KnapSack Problem\Debug\link.654704-cvtres.write.1.tlog
D:\OneDrive\Classes\Third Semester\Special Topics\Genetic Algorithm 01KnapSack Problem\Genetic Algorithm 01KnapSack Problem\Debug\link.660736.read.1.tlog
D:\OneDrive\Classes\Third Semester\Special Topics\Genetic Algorithm 01KnapSack Problem\Genetic Algorithm 01KnapSack Problem\Debug\link.660736.write.1.tlog
D:\OneDrive\Classes\Third Semester\Special Topics\Genetic Algorithm 01KnapSack Problem\Genetic Algorithm 01KnapSack Problem\Debug\link.660736-cvtres.read.1.tlog
D:\OneDrive\Classes\Third Semester\Special Topics\Genetic Algorithm 01KnapSack Problem\Genetic Algorithm 01KnapSack Problem\Debug\link.660736-cvtres.write.1.tlog
D:\OneDrive\Classes\Third Semester\Special Topics\Genetic Algorithm 01KnapSack Problem\Genetic Algorithm 01KnapSack Problem\Debug\link.663776.read.1.tlog
D:\OneDrive\Classes\Third Semester\Special Topics\Genetic Algorithm 01KnapSack Problem\Genetic Algorithm 01KnapSack Problem\Debug\link.663776.write.1.tlog
D:\OneDrive\Classes\Third Semester\Special Topics\Genetic Algorithm 01KnapSack Problem\Genetic Algorithm 01KnapSack Problem\Debug\link.663776-cvtres.read.1.tlog
D:\OneDrive\Classes\Third Semester\Special Topics\Genetic Algorithm 01KnapSack Problem\Genetic Algorithm 01KnapSack Problem\Debug\link.663776-cvtres.write.1.tlog
D:\OneDrive\Classes\Third Semester\Special Topics\Genetic Algorithm 01KnapSack Problem\Genetic Algorithm 01KnapSack Problem\Debug\link.667148.read.1.tlog
D:\OneDrive\Classes\Third Semester\Special Topics\Genetic Algorithm 01KnapSack Problem\Genetic Algorithm 01KnapSack Problem\Debug\link.667148.write.1.tlog
D:\OneDrive\Classes\Third Semester\Special Topics\Genetic Algorithm 01KnapSack Problem\Genetic Algorithm 01KnapSack Problem\Debug\link.667148-cvtres.read.1.tlog
D:\OneDrive\Classes\Third Semester\Special Topics\Genetic Algorithm 01KnapSack Problem\Genetic Algorithm 01KnapSack Problem\Debug\link.667148-cvtres.write.1.tlog
D:\OneDrive\Classes\Third Semester\Special Topics\Genetic Algorithm 01KnapSack Problem\Genetic Algorithm 01KnapSack Problem\Debug\link.command.1.tlog
D:\OneDrive\Classes\Third Semester\Special Topics\Genetic Algorithm 01KnapSack Problem\Genetic Algorithm 01KnapSack Problem\Debug\link.read.1.tlog
D:\OneDrive\Classes\Third Semester\Special Topics\Genetic Algorithm 01KnapSack Problem\Genetic Algorithm 01KnapSack Problem\Debug\link.write.1.tlog
D:\OneDrive\Classes\Third Semester\Special Topics\Genetic Algorithm 01KnapSack Problem\Genetic Algorithm 01KnapSack Problem\Debug\link-cvtres.read.1.tlog
D:\OneDrive\Classes\Third Semester\Special Topics\Genetic Algorithm 01KnapSack Problem\Genetic Algorithm 01KnapSack Problem\Debug\link-cvtres.write.1.tlog
D:\ONEDRIVE\CLASSES\THIRD SEMESTER\SPECIAL TOPICS\GENETIC ALGORITHM 01KNAPSACK PROBLEM\GENETIC ALGORITHM 01KNAPSACK PROBLEM\DEBUG\MAIN.OBJ
D:\OneDrive\Classes\Third Semester\Special Topics\Genetic Algorithm 01KnapSack Problem\Genetic Algorithm 01KnapSack Problem\Debug\mt.command.1.tlog
D:\OneDrive\Classes\Third Semester\Special Topics\Genetic Algorithm 01KnapSack Problem\Genetic Algorithm 01KnapSack Problem\Debug\mt.read.1.tlog
D:\OneDrive\Classes\Third Semester\Special Topics\Genetic Algorithm 01KnapSack Problem\Genetic Algorithm 01KnapSack Problem\Debug\mt.write.1.tlog
D:\OneDrive\Classes\Third Semester\Special Topics\Genetic Algorithm 01KnapSack Problem\Genetic Algorithm 01KnapSack Problem\Debug\rc.command.1.tlog
D:\OneDrive\Classes\Third Semester\Special Topics\Genetic Algorithm 01KnapSack Problem\Genetic Algorithm 01KnapSack Problem\Debug\rc.read.1.tlog
D:\OneDrive\Classes\Third Semester\Special Topics\Genetic Algorithm 01KnapSack Problem\Genetic Algorithm 01KnapSack Problem\Debug\rc.write.1.tlog
D:\ONEDRIVE\CLASSES\THIRD SEMESTER\SPECIAL TOPICS\GENETIC ALGORITHM 01KNAPSACK PROBLEM\GENETIC ALGORITHM 01KNAPSACK PROBLEM\DEBUG\TEMP1.OBJ
D:\OneDrive\Classes\Third Semester\Special Topics\Genetic Algorithm 01KnapSack Problem\Genetic Algorithm 01KnapSack Problem\Debug\vc100.idb
D:\ONEDRIVE\CLASSES\THIRD SEMESTER\SPECIAL TOPICS\GENETIC ALGORITHM 01KNAPSACK PROBLEM\GENETIC ALGORITHM 01KNAPSACK PROBLEM\DEBUG\VC100.PDB
