Build started 4/10/2017 12:44:31 PM.
     1>Project "D:\OneDrive\Classes\Third Semester\Special Topics\Genetic Algorithm 01KnapSack Problem\Genetic Algorithm 01KnapSack Problem\Genetic Algorithm 01KnapSack Problem.vcxproj" on node 2 (build target(s)).
     1>InitializeBuildStatus:
         Creating "Debug\Genetic Algorithm 01KnapSack Problem.unsuccessfulbuild" because "AlwaysCreate" was specified.
       ClCompile:
         C:\Program Files (x86)\Microsoft Visual Studio 10.0\VC\bin\CL.exe /c /ZI /nologo /W3 /WX- /Od /Oy- /D WIN32 /D _DEBUG /D _CONSOLE /D _UNICODE /D UNICODE /Gm /EHsc /RTC1 /MDd /GS /fp:precise /Zc:wchar_t /Zc:forScope /Fo"Debug\\" /Fd"Debug\vc100.pdb" /Gd /TP /analyze- /errorReport:prompt Main.cpp
         Main.cpp
     1>d:\onedrive\classes\third semester\special topics\genetic algorithm 01knapsack problem\genetic algorithm 01knapsack problem\knapsackdata1.h(52): warning C4018: '<' : signed/unsigned mismatch
     1>d:\onedrive\classes\third semester\special topics\genetic algorithm 01knapsack problem\genetic algorithm 01knapsack problem\knapsackdata1.h(55): warning C4244: '=' : conversion from 'double' to 'int', possible loss of data
     1>d:\onedrive\classes\third semester\special topics\genetic algorithm 01knapsack problem\genetic algorithm 01knapsack problem\knapsackdata1.h(77): warning C4018: '<' : signed/unsigned mismatch
     1>d:\onedrive\classes\third semester\special topics\genetic algorithm 01knapsack problem\genetic algorithm 01knapsack problem\knapsackdata1.h(83): warning C4018: '<' : signed/unsigned mismatch
     1>d:\onedrive\classes\third semester\special topics\genetic algorithm 01knapsack problem\genetic algorithm 01knapsack problem\knapsackdata1.h(106): warning C4018: '<' : signed/unsigned mismatch
     1>d:\onedrive\classes\third semester\special topics\genetic algorithm 01knapsack problem\genetic algorithm 01knapsack problem\knapsackdata1.h(123): warning C4018: '<' : signed/unsigned mismatch
     1>d:\onedrive\classes\third semester\special topics\genetic algorithm 01knapsack problem\genetic algorithm 01knapsack problem\knapsackdata1.h(144): warning C4018: '<' : signed/unsigned mismatch
     1>d:\onedrive\classes\third semester\special topics\genetic algorithm 01knapsack problem\genetic algorithm 01knapsack problem\knapsackdata1.h(159): warning C4018: '<=' : signed/unsigned mismatch
     1>d:\onedrive\classes\third semester\special topics\genetic algorithm 01knapsack problem\genetic algorithm 01knapsack problem\knapsackdata1.h(184): warning C4018: '<' : signed/unsigned mismatch
     1>d:\onedrive\classes\third semester\special topics\genetic algorithm 01knapsack problem\genetic algorithm 01knapsack problem\knapsackdata1.h(195): warning C4018: '<' : signed/unsigned mismatch
     1>d:\onedrive\classes\third semester\special topics\genetic algorithm 01knapsack problem\genetic algorithm 01knapsack problem\knapsackdata1.h(200): warning C4018: '<' : signed/unsigned mismatch
     1>d:\onedrive\classes\third semester\special topics\genetic algorithm 01knapsack problem\genetic algorithm 01knapsack problem\knapsackdata1.h(205): warning C4018: '<' : signed/unsigned mismatch
     1>d:\onedrive\classes\third semester\special topics\genetic algorithm 01knapsack problem\genetic algorithm 01knapsack problem\knapsackdata1.h(216): warning C4018: '<' : signed/unsigned mismatch
     1>d:\onedrive\classes\third semester\special topics\genetic algorithm 01knapsack problem\genetic algorithm 01knapsack problem\knapsackdata1.h(242): warning C4018: '<' : signed/unsigned mismatch
     1>d:\onedrive\classes\third semester\special topics\genetic algorithm 01knapsack problem\genetic algorithm 01knapsack problem\knapsackdata1.h(256): warning C4244: 'argument' : conversion from 'time_t' to 'unsigned int', possible loss of data
     1>d:\onedrive\classes\third semester\special topics\genetic algorithm 01knapsack problem\genetic algorithm 01knapsack problem\knapsackdata1.h(261): warning C4018: '<' : signed/unsigned mismatch
     1>d:\onedrive\classes\third semester\special topics\genetic algorithm 01knapsack problem\genetic algorithm 01knapsack problem\knapsackdata1.h(262): warning C4800: 'int' : forcing value to bool 'true' or 'false' (performance warning)
     1>d:\onedrive\classes\third semester\special topics\genetic algorithm 01knapsack problem\genetic algorithm 01knapsack problem\knapsackdata1.h(273): warning C4018: '<' : signed/unsigned mismatch
     1>d:\onedrive\classes\third semester\special topics\genetic algorithm 01knapsack problem\genetic algorithm 01knapsack problem\knapsackdata1.h(316): warning C4244: 'argument' : conversion from 'double' to 'const int', possible loss of data
     1>d:\onedrive\classes\third semester\special topics\genetic algorithm 01knapsack problem\genetic algorithm 01knapsack problem\knapsackdata1.h(317): warning C4244: 'argument' : conversion from 'double' to 'const int', possible loss of data
     1>d:\onedrive\classes\third semester\special topics\genetic algorithm 01knapsack problem\genetic algorithm 01knapsack problem\knapsackdata1.h(318): warning C4244: 'argument' : conversion from 'double' to 'const int', possible loss of data
     1>d:\onedrive\classes\third semester\special topics\genetic algorithm 01knapsack problem\genetic algorithm 01knapsack problem\knapsackdata1.h(305): warning C4101: 'token' : unreferenced local variable
       ManifestResourceCompile:
         All outputs are up-to-date.
       Link:
         C:\Program Files (x86)\Microsoft Visual Studio 10.0\VC\bin\link.exe /ERRORREPORT:PROMPT /OUT:"D:\OneDrive\Classes\Third Semester\Special Topics\Genetic Algorithm 01KnapSack Problem\Debug\Genetic Algorithm 01KnapSack Problem.exe" /INCREMENTAL /NOLOGO kernel32.lib user32.lib gdi32.lib winspool.lib comdlg32.lib advapi32.lib shell32.lib ole32.lib oleaut32.lib uuid.lib odbc32.lib odbccp32.lib /MANIFEST /ManifestFile:"Debug\Genetic Algorithm 01KnapSack Problem.exe.intermediate.manifest" /MANIFESTUAC:"level='asInvoker' uiAccess='false'" /DEBUG /PDB:"D:\OneDrive\Classes\Third Semester\Special Topics\Genetic Algorithm 01KnapSack Problem\Debug\Genetic Algorithm 01KnapSack Problem.pdb" /SUBSYSTEM:CONSOLE /TLBID:1 /DYNAMICBASE /NXCOMPAT /IMPLIB:"D:\OneDrive\Classes\Third Semester\Special Topics\Genetic Algorithm 01KnapSack Problem\Debug\Genetic Algorithm 01KnapSack Problem.lib" /MACHINE:X86 "Debug\Genetic Algorithm 01KnapSack Problem.exe.embed.manifest.res"
         Debug\Main.obj
       Manifest:
         C:\Program Files (x86)\Microsoft SDKs\Windows\v7.0A\bin\mt.exe /nologo /verbose /out:"Debug\Genetic Algorithm 01KnapSack Problem.exe.embed.manifest" /manifest "Debug\Genetic Algorithm 01KnapSack Problem.exe.intermediate.manifest"
         All outputs are up-to-date.
       LinkEmbedManifest:
         All outputs are up-to-date.
         Genetic Algorithm 01KnapSack Problem.vcxproj -> D:\OneDrive\Classes\Third Semester\Special Topics\Genetic Algorithm 01KnapSack Problem\Debug\Genetic Algorithm 01KnapSack Problem.exe
       FinalizeBuildStatus:
         Deleting file "Debug\Genetic Algorithm 01KnapSack Problem.unsuccessfulbuild".
         Touching "Debug\Genetic Algorithm 01KnapSack Problem.lastbuildstate".
     1>Done Building Project "D:\OneDrive\Classes\Third Semester\Special Topics\Genetic Algorithm 01KnapSack Problem\Genetic Algorithm 01KnapSack Problem\Genetic Algorithm 01KnapSack Problem.vcxproj" (build target(s)).

Build succeeded.

Time Elapsed 00:00:01.73
